/*C3*/SET SCHEMA PUBLIC
DELETE FROM COFFEE WHERE PRODNUM='14-001    '
INSERT INTO COFFEE VALUES('Bolivian Dark            ','14-001    ',11.95E0)
COMMIT
DELETE FROM COFFEE WHERE PRODNUM='14-001    '
DELETE FROM COFFEE WHERE PRODNUM='14-002    '
DELETE FROM COFFEE WHERE PRODNUM='15-001    '
DELETE FROM COFFEE WHERE PRODNUM='15-002    '
DELETE FROM COFFEE WHERE PRODNUM='15-003    '
DELETE FROM COFFEE WHERE PRODNUM='16-001    '
DELETE FROM COFFEE WHERE PRODNUM='16-002    '
DELETE FROM COFFEE WHERE PRODNUM='17-001    '
DELETE FROM COFFEE WHERE PRODNUM='17-002    '
DELETE FROM COFFEE WHERE PRODNUM='17-003    '
DELETE FROM COFFEE WHERE PRODNUM='17-004    '
DELETE FROM COFFEE WHERE PRODNUM='18-001    '
DELETE FROM COFFEE WHERE PRODNUM='18-002    '
DELETE FROM COFFEE WHERE PRODNUM='19-001    '
DELETE FROM COFFEE WHERE PRODNUM='20-001    '
DELETE FROM COFFEE WHERE PRODNUM='21-001    '
DELETE FROM COFFEE WHERE PRODNUM='21-002    '
DELETE FROM COFFEE WHERE PRODNUM='21-003    '
INSERT INTO COFFEE VALUES('Bolivian Dark            ','14-001    ',11.95E0)
INSERT INTO COFFEE VALUES('Bolivian Medium          ','14-002    ',11.95E0)
INSERT INTO COFFEE VALUES('Brazilian Dark           ','15-001    ',11.95E0)
INSERT INTO COFFEE VALUES('Brazilian Medium         ','15-002    ',11.95E0)
INSERT INTO COFFEE VALUES('Brazilian Decaf          ','15-003    ',11.95E0)
INSERT INTO COFFEE VALUES('Central American Dark    ','16-001    ',11.95E0)
INSERT INTO COFFEE VALUES('Central American Medium  ','16-002    ',11.95E0)
INSERT INTO COFFEE VALUES('Sumatra Dark             ','17-001    ',11.95E0)
INSERT INTO COFFEE VALUES('Sumatra Decaf            ','17-002    ',11.95E0)
INSERT INTO COFFEE VALUES('Sumatra Medium           ','17-003    ',11.95E0)
INSERT INTO COFFEE VALUES('Sumatra Organic Dark     ','17-004    ',11.95E0)
INSERT INTO COFFEE VALUES('Kona Medium              ','18-001    ',11.95E0)
INSERT INTO COFFEE VALUES('Kona Dark                ','18-002    ',11.95E0)
INSERT INTO COFFEE VALUES('French Roast Dark        ','19-001    ',11.95E0)
INSERT INTO COFFEE VALUES('Galapagos Medium         ','20-001    ',11.95E0)
INSERT INTO COFFEE VALUES('Guatemalan Dark          ','21-001    ',11.95E0)
INSERT INTO COFFEE VALUES('Guatemalan Decaf         ','21-002    ',11.95E0)
INSERT INTO COFFEE VALUES('Guatemalan Medium        ','21-003    ',11.95E0)
COMMIT
DELETE FROM COFFEE WHERE PRODNUM='14-002    '
COMMIT
DELETE FROM COFFEE WHERE PRODNUM='14-001    '
INSERT INTO COFFEE VALUES('More expensive coffee    ','14-001    ',11.95E0)
COMMIT
